2023-10-25 16:12:32,323 - nearby_list: {4600: 102, 4602: 566, 4603: 436, 4605: 472, 4607: 414, 4609: 192, 4611: 304, 4613: 124, 4615: 127, 4616: 13, 4618: 95, 4620: 48, 4622: 1}
2023-10-25 16:12:32,323 - valid_frames/num_frames: 613/673
2023-10-25 16:14:39,335 - nearby_list: {4631: 949, 4632: 410, 4634: 192, 4636: 324, 4638: 115, 4640: 211, 4641: 112, 4643: 226, 4645: 28, 4646: 43, 4648: 503, 4650: 144, 4652: 143, 4654: 499, 4655: 132, 4657: 173, 4659: 282, 4661: 201, 4663: 18, 4665: 161, 4666: 187, 4668: 80, 4669: 58, 4671: 0}
2023-10-25 16:14:39,336 - valid_frames/num_frames: 1640/1835
2023-10-25 16:16:38,885 - nearby_list: {4680: 66, 4682: 105, 4684: 595, 4686: 11, 4687: 478, 4689: 88, 4691: 374, 4692: 135, 4694: 56, 4696: 225, 4698: 111, 4700: 235, 4702: 134, 4704: 121, 4706: 77, 4708: 219, 4710: 94, 4712: 202, 4713: 73, 4715: 130, 4717: 106, 4719: 60, 4720: 215, 4722: 283, 4724: 99, 4725: 111, 4726: 5, 4728: 23, 4730: 13, 4732: 1}
2023-10-25 16:16:38,886 - valid_frames/num_frames: 1658/1777
2023-10-25 16:18:09,898 - nearby_list: {4741: 375, 4743: 101, 4745: 172, 4747: 311, 4749: 334, 4750: 107, 4752: 339, 4754: 351, 4756: 305, 4757: 38, 4759: 228, 4761: 133, 4763: 38}
2023-10-25 16:18:09,898 - valid_frames/num_frames: 679/758
2023-10-25 16:19:15,914 - nearby_list: {4772: 735, 4774: 165, 4776: 194, 4778: 154, 4780: 191, 4782: 144, 4783: 563, 4785: 454, 4787: 439, 4789: 62, 4791: 112, 4792: 136, 4794: 159, 4796: 80, 4798: 53, 4799: 95, 4801: 93, 4803: 4}
2023-10-25 16:19:15,914 - valid_frames/num_frames: 845/910
2023-10-25 16:23:22,717 - nearby_list: {4811: 0, 4813: 140, 4815: 99, 4816: 183, 4818: 98, 4820: 127, 4821: 614, 4823: 564, 4825: 386, 4827: 244, 4828: 201, 4829: 406, 4831: 168, 4832: 581, 4834: 62, 4836: 214, 4838: 112, 4840: 201, 4842: 181, 4843: 179, 4845: 224, 4846: 109, 4848: 71, 4850: 24, 4852: 176, 4854: 91, 4856: 119, 4858: 72, 4860: 25, 4861: 193, 4863: 193, 4864: 219, 4866: 26, 4868: 151, 4870: 95, 4872: 199, 4873: 111, 4874: 60, 4876: 58, 4878: 11}
2023-10-25 16:23:22,718 - valid_frames/num_frames: 2400/3467
2023-10-25 16:23:59,932 - nearby_list: {4887: 144, 4889: 172, 4891: 251, 4893: 198, 4895: 143, 4897: 110, 4899: 15}
2023-10-25 16:23:59,933 - valid_frames/num_frames: 345/399
2023-10-25 16:28:13,907 - nearby_list: {4908: 408, 4910: 2411, 4911: 406, 4913: 167, 4915: 566, 4917: 92, 4918: 234, 4919: 162, 4920: 221, 4922: 448, 4923: 2, 4924: 14, 4926: 2, 4928: 119, 4930: 20, 4932: 130, 4934: 556, 4936: 134, 4938: 40, 4940: 45, 4942: 179, 4944: 779, 4946: 132, 4948: 1426, 4950: 631, 4952: 464, 4954: 0, 4956: 232, 4958: 346, 4960: 206, 4962: 34, 4964: 392, 4966: 131, 4968: 195, 4970: 370, 4971: 300, 4973: 88, 4974: 75, 4976: 38, 4978: 312, 4980: 24, 4982: 152, 4984: 99, 4986: 336, 4988: 80, 4990: 378, 4992: 120, 4994: 287, 4995: 278, 4997: 101, 4999: 80, 5001: 90, 5003: 6}
2023-10-25 16:28:13,908 - valid_frames/num_frames: 3341/3462
2023-10-25 16:32:28,512 - nearby_list: {5012: 0, 5014: 140, 5016: 888, 5018: 139, 5020: 106, 5022: 424, 5024: 0, 5026: 20, 5028: 268, 5030: 124, 5032: 550, 5034: 346, 5036: 0, 5037: 225, 5038: 178, 5040: 131, 5042: 333, 5044: 107, 5046: 389, 5048: 243, 5049: 265, 5051: 477, 5053: 212, 5055: 200, 5057: 99, 5059: 199, 5061: 384, 5063: 178, 5065: 26, 5066: 194, 5068: 366, 5070: 268, 5072: 103, 5074: 153, 5076: 76, 5078: 156, 5080: 255, 5082: 482, 5084: 49, 5085: 328, 5087: 14, 5089: 355, 5091: 507, 5093: 128, 5095: 120, 5096: 34, 5098: 65, 5100: 274, 5102: 130, 5104: 68, 5106: 25}
2023-10-25 16:32:28,512 - valid_frames/num_frames: 3506/4249
2023-10-25 16:34:14,567 - nearby_list: {5115: 227, 5117: 198, 5119: 165, 5121: 203, 5123: 788, 5125: 648, 5127: 80, 5129: 33, 5130: 225, 5132: 145, 5134: 470, 5136: 98, 5138: 286, 5140: 0, 5142: 165, 5144: 188, 5146: 145, 5147: 100, 5148: 53, 5150: 6, 5152: 0}
2023-10-25 16:34:14,567 - valid_frames/num_frames: 1144/1487
2023-10-25 16:34:58,205 - nearby_list: {5160: 424, 5162: 24, 5163: 189, 5164: 283, 5166: 204, 5168: 155, 5170: 136, 5172: 41, 5174: 48, 5175: 1}
2023-10-25 16:34:58,206 - valid_frames/num_frames: 424/481
2023-10-25 16:35:56,347 - nearby_list: {5184: 111, 5186: 91, 5188: 250, 5190: 279, 5191: 144, 5192: 260, 5193: 196, 5195: 52, 5197: 2, 5199: 130, 5201: 83, 5203: 36}
2023-10-25 16:35:56,348 - valid_frames/num_frames: 553/612
2023-10-25 16:38:13,296 - nearby_list: {5212: 593, 5214: 154, 5215: 245, 5216: 1241, 5217: 315, 5218: 132, 5220: 0, 5222: 0, 5223: 0, 5224: 0, 5226: 634, 5228: 313, 5230: 508, 5232: 310, 5233: 0, 5235: 94, 5237: 0, 5239: 97, 5240: 131, 5242: 0, 5244: 292, 5245: 207, 5246: 103, 5248: 57}
2023-10-25 16:38:13,296 - valid_frames/num_frames: 1733/1804
2023-10-25 16:42:14,765 - nearby_list: {5257: 146, 5259: 74, 5261: 114, 5263: 209, 5265: 712, 5267: 127, 5269: 271, 5271: 563, 5273: 286, 5275: 202, 5277: 481, 5278: 36, 5280: 0, 5281: 140, 5282: 241, 5284: 142, 5285: 85, 5287: 40, 5289: 208, 5291: 210, 5293: 235, 5294: 308, 5296: 255, 5298: 202, 5300: 321, 5302: 491, 5304: 111, 5306: 258, 5307: 366, 5309: 391, 5311: 248, 5313: 233, 5315: 115, 5317: 81, 5319: 178, 5321: 91, 5323: 24}
2023-10-25 16:42:14,767 - valid_frames/num_frames: 2356/2724
2023-10-25 16:43:11,393 - nearby_list: {5331: 370, 5332: 301, 5334: 479, 5336: 322, 5338: 262, 5339: 113, 5340: 257, 5342: 162, 5344: 0, 5346: 0}
2023-10-25 16:43:11,394 - valid_frames/num_frames: 587/644
2023-10-25 16:43:59,599 - nearby_list: {5355: 369, 5356: 317, 5358: 141, 5360: 238, 5362: 191, 5364: 144, 5366: 97, 5368: 50, 5370: 3}
2023-10-25 16:43:59,599 - valid_frames/num_frames: 379/435
2023-10-25 16:47:34,627 - nearby_list: {253: 118, 254: 169, 255: 397, 256: 75, 257: 370, 258: 53, 259: 436, 260: 112, 261: 36, 262: 54, 263: 0, 264: 1153, 265: 208, 266: 28, 267: 215, 268: 29, 269: 324, 270: 185, 271: 209, 272: 140, 273: 182, 274: 33, 275: 166, 276: 76, 277: 134, 278: 326, 279: 686, 280: 72, 281: 90, 282: 362, 283: 479, 284: 264, 285: 72, 286: 141, 287: 122, 288: 283, 289: 309, 290: 264, 291: 15, 292: 18}
2023-10-25 16:47:34,628 - valid_frames/num_frames: 2439/2562
2023-10-25 16:51:10,256 - nearby_list: {300: 619, 301: 143, 302: 541, 303: 83, 304: 36, 305: 97, 306: 808, 307: 245, 308: 245, 309: 93, 310: 671, 311: 598, 312: 197, 313: 11, 314: 243, 315: 82, 316: 160, 317: 156, 318: 15, 319: 71, 320: 106, 321: 139, 322: 235, 323: 330, 324: 83, 325: 349, 326: 78, 327: 340, 328: 364, 329: 213, 330: 304, 331: 235, 332: 186, 333: 100, 334: 92, 335: 69, 336: 22}
2023-10-25 16:51:10,257 - valid_frames/num_frames: 2588/2854
2023-10-25 16:54:37,720 - nearby_list: {344: 342, 345: 169, 346: 87, 347: 438, 348: 57, 349: 232, 350: 290, 351: 14, 352: 414, 353: 28, 354: 290, 355: 88, 356: 38, 357: 11, 358: 168, 359: 29, 360: 192, 361: 406, 362: 71, 363: 241, 364: 118, 365: 111, 366: 24, 367: 368, 368: 238, 369: 324, 370: 335, 371: 0, 372: 0, 373: 85, 374: 147, 375: 100, 376: 20, 377: 6}
2023-10-25 16:54:37,720 - valid_frames/num_frames: 1947/2118
2023-10-25 16:56:16,144 - nearby_list: {385: 108, 386: 223, 387: 180, 388: 134, 389: 324, 390: 35, 391: 104, 392: 51, 393: 56, 394: 136, 395: 55, 396: 132, 397: 42, 398: 38}
2023-10-25 16:56:16,145 - valid_frames/num_frames: 643/710
2023-10-25 16:57:13,875 - nearby_list: {406: 72, 407: 63, 408: 164, 409: 153, 410: 134, 411: 229, 412: 122, 413: 96, 414: 90, 415: 84, 416: 0}
2023-10-25 16:57:13,876 - valid_frames/num_frames: 507/565
2023-10-25 17:01:56,891 - nearby_list: {424: 336, 425: 165, 426: 130, 427: 170, 428: 96, 429: 91, 430: 981, 431: 1554, 432: 519, 433: 609, 434: 433, 435: 282, 436: 360, 437: 334, 438: 1531, 439: 185, 440: 136, 441: 275, 442: 360, 443: 141, 444: 85, 445: 0, 446: 193, 447: 121, 448: 77, 449: 260, 450: 131, 451: 1045, 452: 37, 453: 178, 454: 214, 455: 8, 456: 97, 457: 106, 458: 637, 459: 668, 460: 197, 461: 399, 462: 81, 463: 269, 464: 191, 465: 0, 466: 189, 467: 4, 468: 99, 469: 70, 470: 22, 471: 93, 472: 15, 473: 66, 474: 189, 475: 181, 476: 176, 477: 48, 478: 2, 479: 35}
2023-10-25 17:01:56,892 - valid_frames/num_frames: 3771/3923
2023-10-25 17:06:52,984 - nearby_list: {487: 241, 488: 192, 489: 61, 490: 550, 491: 745, 492: 350, 493: 303, 494: 4, 495: 108, 496: 13, 497: 185, 498: 71, 499: 499, 500: 522, 501: 68, 502: 84, 503: 47, 504: 389, 505: 24, 506: 376, 507: 127, 508: 97, 509: 228, 510: 114, 511: 123, 512: 128, 513: 79, 514: 34, 515: 339, 516: 117, 517: 92, 518: 254, 519: 77, 520: 81, 521: 415, 522: 162, 523: 147, 524: 299, 525: 181, 526: 233, 527: 109, 528: 91}
2023-10-25 17:06:52,984 - valid_frames/num_frames: 2481/3067
2023-10-25 17:12:41,225 - nearby_list: {536: 23, 537: 31, 538: 204, 539: 262, 540: 1955, 541: 90, 542: 43, 543: 700, 544: 25, 545: 1538, 546: 310, 547: 1042, 548: 158, 549: 855, 550: 154, 551: 415, 552: 195, 553: 155, 554: 1098, 555: 451, 556: 206, 557: 217, 558: 97, 559: 382, 560: 28, 561: 470, 562: 150, 563: 116, 564: 357, 565: 157, 566: 216, 567: 306, 568: 118, 569: 71, 570: 24, 571: 441, 572: 582, 573: 351, 574: 273, 575: 45, 576: 74, 577: 402, 578: 529, 579: 126, 580: 205, 581: 0, 582: 216, 583: 96, 584: 107, 585: 100, 586: 13, 587: 41}
2023-10-25 17:12:41,226 - valid_frames/num_frames: 3517/3785
2023-10-25 17:16:20,836 - nearby_list: {595: 148, 596: 228, 597: 113, 598: 455, 599: 153, 600: 1133, 601: 1242, 602: 24, 603: 136, 604: 626, 605: 131, 606: 341, 607: 664, 608: 612, 609: 648, 610: 662, 611: 13, 612: 138, 613: 160, 614: 330, 615: 57, 616: 236, 617: 130, 618: 142, 619: 95, 620: 0}
2023-10-25 17:16:20,836 - valid_frames/num_frames: 2096/2255
2023-10-25 17:20:43,847 - nearby_list: {628: 948, 629: 231, 630: 370, 631: 242, 632: 439, 633: 657, 634: 159, 635: 100, 636: 0, 637: 6, 638: 229, 639: 15, 640: 1, 641: 88, 642: 287, 643: 10, 644: 238, 645: 332, 646: 211, 647: 148, 648: 623, 649: 915, 650: 983, 651: 135, 652: 81, 653: 248, 654: 81, 655: 453, 656: 108, 657: 44, 658: 282, 659: 173, 660: 489, 661: 180, 662: 132, 663: 358, 664: 265, 665: 94, 666: 192, 667: 29, 668: 119, 669: 76, 670: 29}
2023-10-25 17:20:43,847 - valid_frames/num_frames: 2599/2861
2023-10-25 17:26:03,502 - nearby_list: {678: 1433, 679: 443, 680: 712, 681: 839, 682: 754, 683: 716, 684: 710, 685: 1674, 686: 477, 687: 516, 688: 238, 689: 62, 690: 398, 691: 358, 692: 642, 693: 96, 694: 975, 695: 207, 696: 194, 697: 179, 698: 0, 699: 0, 700: 56, 701: 332, 702: 170, 703: 0, 704: 674, 705: 444, 706: 97, 707: 436, 708: 478, 709: 123, 710: 26, 711: 321, 712: 311, 713: 276, 714: 62, 715: 17, 716: 107, 717: 0}
2023-10-25 17:26:03,502 - valid_frames/num_frames: 3066/3310
2023-10-25 17:28:03,079 - nearby_list: {725: 208, 726: 182, 727: 140, 728: 93, 729: 0, 730: 115, 731: 200, 732: 21, 733: 106, 734: 59}
2023-10-25 17:28:03,079 - valid_frames/num_frames: 435/539
2023-10-25 17:30:42,282 - nearby_list: {742: 645, 743: 50, 744: 152, 745: 300, 746: 820, 747: 325, 748: 789, 749: 100, 750: 117, 751: 364, 752: 15, 753: 91, 754: 134, 755: 56, 756: 9, 757: 228, 758: 95, 759: 550, 760: 1, 761: 99, 762: 148, 763: 362, 764: 315, 765: 268, 766: 221, 767: 174, 768: 127, 769: 32}
2023-10-25 17:30:42,283 - valid_frames/num_frames: 1952/2288
2023-10-25 17:36:40,850 - nearby_list: {777: 929, 778: 77, 779: 858, 780: 146, 781: 874, 782: 406, 783: 1274, 784: 493, 785: 152, 786: 1927, 787: 870, 788: 122, 789: 175, 790: 301, 791: 130, 792: 25, 793: 16, 794: 59, 795: 136, 796: 136, 797: 140, 798: 82, 799: 387, 800: 17, 801: 16, 802: 0, 803: 175, 804: 158, 805: 77, 806: 272, 807: 163, 808: 114, 809: 610, 810: 407, 811: 384, 812: 66, 813: 95, 814: 453, 815: 196, 816: 53, 817: 252, 818: 217, 819: 184, 820: 21, 821: 242, 822: 174, 823: 140, 824: 136, 825: 0, 826: 47, 827: 2, 828: 0}
2023-10-25 17:36:40,851 - valid_frames/num_frames: 3850/4204
2023-10-25 17:39:15,383 - nearby_list: {836: 253, 837: 169, 838: 122, 839: 33, 840: 28, 841: 168, 842: 55, 843: 208, 844: 250, 845: 159, 846: 191, 847: 96, 848: 0, 849: 2}
2023-10-25 17:39:15,384 - valid_frames/num_frames: 661/722
2023-10-25 17:43:24,252 - nearby_list: {857: 268, 858: 151, 859: 252, 860: 256, 861: 464, 862: 91, 863: 44, 864: 93, 865: 614, 866: 775, 867: 553, 868: 179, 869: 707, 870: 812, 871: 244, 872: 71, 873: 300, 874: 294, 875: 139, 876: 87, 877: 44, 878: 212, 879: 133, 880: 246, 881: 143, 882: 798, 883: 133, 884: 849, 885: 50, 886: 651, 887: 580, 888: 538, 889: 103, 890: 216, 891: 93, 892: 239, 893: 277, 894: 50, 895: 44, 896: 91, 897: 85, 898: 38, 899: 170, 900: 343, 901: 197, 902: 115, 903: 83, 904: 23, 905: 48, 906: 1}
2023-10-25 17:43:24,252 - valid_frames/num_frames: 3389/3745
2023-10-25 17:47:21,274 - nearby_list: {914: 293, 915: 105, 916: 119, 917: 460, 918: 1121, 919: 0, 920: 73, 921: 182, 922: 357, 923: 57, 924: 186, 925: 127, 926: 80, 927: 29, 928: 141, 929: 164, 930: 75, 931: 65, 932: 657, 933: 96, 934: 134, 935: 179, 936: 573, 937: 396, 938: 119, 939: 239, 940: 23, 941: 317, 942: 184, 943: 0, 944: 188, 945: 14, 946: 42, 947: 7, 948: 0}
2023-10-25 17:47:21,275 - valid_frames/num_frames: 2001/2222
2023-10-25 17:49:40,831 - nearby_list: {956: 662, 957: 64, 958: 134, 959: 167, 960: 188, 961: 141, 962: 94, 963: 234, 964: 65, 965: 138, 966: 93, 967: 46}
2023-10-25 17:49:40,831 - valid_frames/num_frames: 919/1198
2023-10-25 17:51:15,554 - nearby_list: {975: 92, 976: 48, 977: 175, 978: 170, 979: 720, 980: 98, 981: 155, 982: 123, 983: 42, 984: 152, 985: 0, 986: 0, 987: 97, 988: 0, 989: 126, 990: 0, 991: 205, 992: 158, 993: 0, 994: 64, 995: 0}
2023-10-25 17:51:15,555 - valid_frames/num_frames: 910/1025
2023-10-25 17:54:19,636 - nearby_list: {1003: 102, 1004: 169, 1005: 212, 1006: 133, 1007: 1533, 1008: 48, 1009: 179, 1010: 72, 1011: 325, 1012: 248, 1013: 1112, 1014: 142, 1015: 128, 1016: 83, 1017: 95, 1018: 141, 1019: 1, 1020: 82, 1021: 440, 1022: 107, 1023: 893, 1024: 483, 1025: 100, 1026: 171, 1027: 166, 1028: 227, 1029: 72, 1030: 25, 1031: 397, 1032: 25, 1033: 0, 1034: 92, 1035: 252, 1036: 62, 1037: 110, 1038: 63, 1039: 0, 1040: 6}
2023-10-25 17:54:19,637 - valid_frames/num_frames: 2177/2262
2023-10-25 17:56:11,562 - nearby_list: {1048: 298, 1049: 465, 1050: 182, 1051: 434, 1052: 330, 1053: 279, 1054: 87, 1055: 40}
2023-10-25 17:56:11,563 - valid_frames/num_frames: 629/856
2023-10-25 17:58:39,865 - nearby_list: {1063: 212, 1064: 122, 1065: 206, 1066: 117, 1067: 112, 1068: 90, 1069: 43, 1070: 1187, 1071: 455, 1072: 1061, 1073: 293, 1074: 1032, 1075: 904, 1076: 235, 1077: 575, 1078: 123, 1079: 361, 1080: 107, 1081: 64, 1082: 357, 1083: 269, 1084: 37, 1085: 256, 1086: 18, 1087: 95, 1088: 85, 1089: 108, 1090: 49, 1091: 1}
2023-10-25 17:58:39,865 - valid_frames/num_frames: 1994/2153
2023-10-25 18:00:07,894 - nearby_list: {1099: 69, 1100: 128, 1101: 133, 1102: 34, 1103: 158, 1104: 4, 1105: 68, 1106: 92, 1107: 0, 1108: 57, 1109: 10}
2023-10-25 18:00:07,894 - valid_frames/num_frames: 427/538
2023-10-25 18:02:47,003 - nearby_list: {1117: 346, 1118: 123, 1119: 122, 1120: 613, 1121: 343, 1122: 95, 1123: 11, 1124: 130, 1125: 0, 1126: 14, 1127: 401, 1128: 281, 1129: 355, 1130: 393, 1131: 48, 1132: 293, 1133: 72, 1134: 251, 1135: 818, 1136: 249, 1137: 796, 1138: 187, 1139: 86, 1140: 146, 1141: 225, 1142: 509, 1143: 83, 1144: 128, 1145: 231, 1146: 245, 1147: 84, 1148: 99, 1149: 40, 1150: 26}
2023-10-25 18:02:47,004 - valid_frames/num_frames: 1974/2138
2023-10-25 18:04:55,938 - nearby_list: {1158: 299, 1159: 118, 1160: 120, 1161: 236, 1162: 10, 1163: 141, 1164: 94, 1165: 81, 1166: 117, 1167: 56, 1168: 0, 1169: 21}
2023-10-25 18:04:55,938 - valid_frames/num_frames: 696/1173
2023-10-25 18:09:53,991 - nearby_list: {1177: 81, 1178: 1199, 1179: 1097, 1180: 758, 1181: 829, 1182: 1878, 1183: 1046, 1184: 390, 1185: 85, 1186: 644, 1187: 402, 1188: 93, 1189: 149, 1190: 428, 1191: 175, 1192: 129, 1193: 45, 1194: 151, 1195: 28, 1196: 295, 1197: 0, 1198: 78, 1199: 118, 1200: 9, 1201: 38, 1202: 518, 1203: 104, 1204: 135, 1205: 10, 1206: 132, 1207: 169, 1208: 253, 1209: 122, 1210: 176, 1211: 64, 1212: 0, 1213: 50, 1214: 65, 1215: 64, 1216: 3, 1217: 28}
2023-10-25 18:09:53,991 - valid_frames/num_frames: 3055/3340
2023-10-25 18:13:44,281 - nearby_list: {1225: 216, 1226: 245, 1227: 72, 1228: 75, 1229: 23, 1230: 0, 1231: 313, 1232: 489, 1233: 78, 1234: 353, 1235: 484, 1236: 436, 1237: 178, 1238: 327, 1239: 36, 1240: 503, 1241: 144, 1242: 121, 1243: 1, 1244: 22, 1245: 300, 1246: 90, 1247: 364, 1248: 359, 1249: 297, 1250: 202, 1251: 0, 1252: 65, 1253: 13}
2023-10-25 18:13:44,282 - valid_frames/num_frames: 1936/2125
2023-10-25 18:15:18,948 - nearby_list: {1261: 121, 1262: 231, 1263: 323, 1264: 36, 1265: 43, 1266: 35, 1267: 5, 1268: 130, 1269: 92, 1270: 33, 1271: 0, 1272: 1}
2023-10-25 18:15:18,948 - valid_frames/num_frames: 514/577
2023-10-25 18:16:22,323 - nearby_list: {1280: 175, 1281: 106, 1282: 161, 1283: 126, 1284: 446, 1285: 450, 1286: 19, 1287: 212, 1288: 43, 1289: 131, 1290: 97, 1291: 80, 1292: 79, 1293: 32}
2023-10-25 18:16:22,323 - valid_frames/num_frames: 691/752
2023-10-25 18:17:16,673 - nearby_list: {1301: 222, 1302: 129, 1303: 82, 1304: 164, 1305: 271, 1306: 145, 1307: 47, 1308: 0, 1309: 0, 1310: 36}
2023-10-25 18:17:16,673 - valid_frames/num_frames: 507/564
2023-10-25 18:20:49,394 - nearby_list: {1318: 1698, 1319: 812, 1320: 745, 1321: 814, 1322: 589, 1323: 372, 1324: 1476, 1325: 103, 1326: 26, 1327: 127, 1328: 37, 1329: 382, 1330: 244, 1331: 301, 1332: 18, 1333: 24, 1334: 111, 1335: 109, 1336: 163, 1337: 200, 1338: 153, 1339: 530, 1340: 21, 1341: 12, 1342: 542, 1343: 234, 1344: 158, 1345: 95, 1346: 144, 1347: 240, 1348: 467, 1349: 230, 1350: 115, 1351: 1, 1352: 458, 1353: 140, 1354: 66, 1355: 0, 1356: 46, 1357: 0, 1358: 0, 1359: 8}
2023-10-25 18:20:49,395 - valid_frames/num_frames: 2963/3080
2023-10-25 18:22:34,909 - nearby_list: {1367: 155, 1368: 219, 1369: 36, 1370: 14, 1371: 275, 1372: 272, 1373: 225, 1374: 178, 1375: 111, 1376: 84}
2023-10-25 18:22:34,909 - valid_frames/num_frames: 507/564
2023-10-25 18:26:55,111 - nearby_list: {1384: 996, 1385: 1271, 1386: 216, 1387: 1737, 1388: 764, 1389: 732, 1390: 621, 1391: 609, 1392: 1480, 1393: 99, 1394: 378, 1395: 104, 1396: 374, 1397: 809, 1398: 42, 1399: 325, 1400: 195, 1401: 105, 1402: 166, 1403: 0, 1404: 82, 1405: 37, 1406: 84, 1407: 95, 1408: 112, 1409: 266, 1410: 113, 1411: 109, 1412: 139, 1413: 0, 1414: 297, 1415: 202, 1416: 29, 1417: 103, 1418: 61, 1419: 14}
2023-10-25 18:26:55,111 - valid_frames/num_frames: 2840/3086
2023-10-25 18:33:11,834 - nearby_list: {1427: 149, 1428: 71, 1429: 485, 1430: 144, 1431: 24, 1432: 540, 1433: 94, 1434: 88, 1435: 249, 1436: 151, 1437: 188, 1438: 661, 1439: 0, 1440: 151, 1441: 343, 1442: 267, 1443: 379, 1444: 88, 1445: 101, 1446: 29, 1447: 164, 1448: 14, 1449: 1873, 1450: 153, 1451: 157, 1452: 541, 1453: 436, 1454: 664, 1455: 480, 1456: 196, 1457: 128, 1458: 564, 1459: 10, 1460: 78, 1461: 9, 1462: 25, 1463: 58, 1464: 19, 1465: 0, 1466: 174, 1467: 0, 1468: 0, 1469: 260, 1470: 174, 1471: 305, 1472: 523, 1473: 643, 1474: 335, 1475: 0, 1476: 130, 1477: 22, 1478: 112, 1479: 128, 1480: 272, 1481: 34, 1482: 175, 1483: 57, 1484: 179, 1485: 117, 1486: 49, 1487: 72, 1488: 25}
2023-10-25 18:33:11,834 - valid_frames/num_frames: 4007/4297
2023-10-25 18:36:26,205 - nearby_list: {1496: 203, 1497: 51, 1498: 399, 1499: 142, 1500: 302, 1501: 308, 1502: 194, 1503: 158, 1504: 20, 1505: 167, 1506: 106, 1507: 0, 1508: 1}
2023-10-25 18:36:26,206 - valid_frames/num_frames: 778/1226
2023-10-25 18:37:32,480 - nearby_list: {1516: 146, 1517: 128, 1518: 96, 1519: 155, 1520: 45, 1521: 13, 1522: 167, 1523: 44, 1524: 102, 1525: 57, 1526: 0}
2023-10-25 18:37:32,481 - valid_frames/num_frames: 404/538
2023-10-25 18:38:43,986 - nearby_list: {1534: 177, 1535: 56, 1536: 398, 1537: 20, 1538: 206, 1539: 56, 1540: 170, 1541: 290, 1542: 76, 1543: 29, 1544: 99, 1545: 104, 1546: 136, 1547: 167, 1548: 120, 1549: 73, 1550: 26}
2023-10-25 18:38:43,986 - valid_frames/num_frames: 778/842
2023-10-25 18:42:39,995 - nearby_list: {1558: 120, 1559: 0, 1560: 891, 1561: 14, 1562: 389, 1563: 110, 1564: 87, 1565: 276, 1566: 977, 1567: 4, 1568: 59, 1569: 117, 1570: 537, 1571: 498, 1572: 170, 1573: 31, 1574: 613, 1575: 334, 1576: 169, 1577: 17, 1578: 15, 1579: 352, 1580: 530, 1581: 130, 1582: 11, 1583: 196, 1584: 149, 1585: 199, 1586: 55, 1587: 82, 1588: 103, 1589: 134, 1590: 431, 1591: 123, 1592: 76, 1593: 98, 1594: 314, 1595: 366, 1596: 145, 1597: 13, 1598: 279, 1599: 24, 1600: 86, 1601: 48, 1602: 0, 1603: 51, 1604: 0}
2023-10-25 18:42:39,996 - valid_frames/num_frames: 2717/3153
2023-10-25 18:44:51,075 - nearby_list: {1612: 64, 1613: 90, 1614: 329, 1615: 189, 1616: 227, 1617: 35, 1618: 31, 1619: 38, 1620: 199, 1621: 185, 1622: 167, 1623: 0, 1624: 73, 1625: 0}
2023-10-25 18:44:51,076 - valid_frames/num_frames: 590/698
2023-10-25 18:46:00,038 - nearby_list: {1633: 305, 1634: 114, 1635: 67, 1636: 36, 1637: 110, 1638: 101, 1639: 157, 1640: 123, 1641: 76, 1642: 127, 1643: 40, 1644: 237, 1645: 0, 1646: 0, 1647: 70, 1648: 49, 1649: 2}
2023-10-25 18:46:00,039 - valid_frames/num_frames: 754/818
2023-10-25 18:48:37,867 - nearby_list: {1657: 181, 1658: 562, 1659: 498, 1660: 83, 1661: 430, 1662: 104, 1663: 862, 1664: 97, 1665: 90, 1666: 399, 1667: 433, 1668: 33, 1669: 388, 1670: 0, 1671: 146, 1672: 121, 1673: 109, 1674: 48, 1675: 1, 1676: 142, 1677: 327, 1678: 46, 1679: 279, 1680: 223, 1681: 185, 1682: 138, 1683: 0, 1684: 44}
2023-10-25 18:48:37,868 - valid_frames/num_frames: 1966/2252
2023-10-25 18:50:20,406 - nearby_list: {1692: 317, 1693: 128, 1694: 139, 1695: 92, 1696: 45, 1697: 395, 1698: 98, 1699: 51, 1700: 4, 1701: 191, 1702: 158, 1703: 65, 1704: 18}
2023-10-25 18:50:20,407 - valid_frames/num_frames: 630/690
2023-10-25 18:51:56,989 - nearby_list: {1712: 173, 1713: 652, 1714: 87, 1715: 302, 1716: 11, 1717: 50, 1718: 95, 1719: 202, 1720: 124, 1721: 106, 1722: 61, 1723: 0}
2023-10-25 18:51:56,990 - valid_frames/num_frames: 699/1166
2023-10-25 18:55:17,699 - nearby_list: {1731: 230, 1732: 343, 1733: 172, 1734: 309, 1735: 417, 1736: 111, 1737: 293, 1738: 561, 1739: 586, 1740: 21, 1741: 356, 1742: 423, 1743: 119, 1744: 197, 1745: 56, 1746: 165, 1747: 176, 1748: 323, 1749: 580, 1750: 130, 1751: 106, 1752: 232, 1753: 184, 1754: 516, 1755: 122, 1756: 189, 1757: 88, 1758: 94, 1759: 233, 1760: 0, 1761: 32, 1762: 60, 1763: 13}
2023-10-25 18:55:17,700 - valid_frames/num_frames: 2580/2829
2023-10-25 18:57:34,771 - nearby_list: {1771: 123, 1772: 467, 1773: 502, 1774: 193, 1775: 474, 1776: 321, 1777: 391, 1778: 376, 1779: 265, 1780: 200, 1781: 59, 1782: 12, 1783: 6}
2023-10-25 18:57:34,773 - valid_frames/num_frames: 858/918
2023-10-25 18:58:31,704 - nearby_list: {1791: 329, 1792: 401, 1793: 141, 1794: 22, 1795: 2, 1796: 13, 1797: 100, 1798: 113, 1799: 104, 1800: 3, 1801: 16}
2023-10-25 18:58:31,704 - valid_frames/num_frames: 534/592
2023-10-25 19:01:57,096 - nearby_list: {1809: 91, 1810: 78, 1811: 61, 1812: 14, 1813: 74, 1814: 98, 1815: 41, 1816: 288, 1817: 184, 1818: 35, 1819: 195, 1820: 43, 1821: 64, 1822: 646, 1823: 93, 1824: 560, 1825: 76, 1826: 174, 1827: 410, 1828: 84, 1829: 115, 1830: 35, 1831: 273, 1832: 291, 1833: 59, 1834: 446, 1835: 44, 1836: 61, 1837: 14, 1838: 93, 1839: 63, 1840: 76, 1841: 242, 1842: 295, 1843: 180, 1844: 168, 1845: 119, 1846: 136, 1847: 51, 1848: 233, 1849: 166, 1850: 0, 1851: 97, 1852: 54, 1853: 7}
2023-10-25 19:01:57,097 - valid_frames/num_frames: 2528/2887
2023-10-25 19:06:29,341 - nearby_list: {1861: 24, 1862: 44, 1863: 17, 1864: 358, 1865: 392, 1866: 61, 1867: 111, 1868: 150, 1869: 101, 1870: 8, 1871: 126, 1872: 15, 1873: 884, 1874: 65, 1875: 562, 1876: 136, 1877: 565, 1878: 97, 1879: 333, 1880: 277, 1881: 24, 1882: 116, 1883: 163, 1884: 60, 1885: 110, 1886: 93, 1887: 459, 1888: 128, 1889: 223, 1890: 34, 1891: 145, 1892: 15, 1893: 142, 1894: 118, 1895: 103, 1896: 67, 1897: 28, 1898: 517, 1899: 136, 1900: 89, 1901: 418, 1902: 175, 1903: 237, 1904: 117, 1905: 231, 1906: 155, 1907: 0, 1908: 13}
2023-10-25 19:06:29,342 - valid_frames/num_frames: 2684/3066
2023-10-25 19:08:35,143 - nearby_list: {1916: 103, 1917: 0, 1918: 67, 1919: 42, 1920: 198, 1921: 68, 1922: 112, 1923: 123, 1924: 18, 1925: 146, 1926: 99, 1927: 125, 1928: 122, 1929: 83, 1930: 96, 1931: 49, 1932: 2}
2023-10-25 19:08:35,143 - valid_frames/num_frames: 749/818
2023-10-25 19:09:40,980 - nearby_list: {1940: 299, 1941: 217, 1942: 68, 1943: 281, 1944: 82, 1945: 35, 1946: 162, 1947: 117, 1948: 90, 1949: 136, 1950: 46, 1951: 0}
2023-10-25 19:09:40,980 - valid_frames/num_frames: 559/618
2023-10-25 19:11:39,548 - nearby_list: {2129: 462, 2130: 362, 2132: 179, 2134: 321, 2135: 2, 2137: 138, 2139: 15, 2140: 21, 2142: 86, 2144: 39}
2023-10-25 19:11:39,548 - valid_frames/num_frames: 462/519
2023-10-25 19:13:34,010 - nearby_list: {2153: 204, 2155: 164, 2156: 115, 2158: 70, 2159: 7, 2161: 100, 2163: 67, 2164: 49, 2166: 679, 2168: 103, 2170: 185, 2171: 12, 2173: 64, 2175: 17, 2177: 317, 2179: 271, 2181: 383, 2183: 318, 2185: 183, 2187: 175, 2188: 130, 2190: 100, 2191: 36, 2193: 6}
2023-10-25 19:13:34,011 - valid_frames/num_frames: 1142/1398
2023-10-25 19:16:56,365 - nearby_list: {2202: 111, 2204: 234, 2206: 212, 2208: 278, 2210: 233, 2212: 109, 2214: 199, 2216: 269, 2217: 282, 2218: 722, 2219: 147, 2221: 0, 2223: 157, 2225: 213, 2226: 146, 2228: 274, 2229: 0, 2231: 81, 2233: 124, 2235: 167, 2236: 169, 2238: 78, 2240: 99, 2241: 0, 2243: 24}
2023-10-25 19:16:56,366 - valid_frames/num_frames: 1593/2040
2023-10-25 19:19:44,390 - nearby_list: {2252: 165, 2253: 1043, 2254: 110, 2256: 58, 2258: 23, 2260: 33, 2262: 102, 2264: 124, 2266: 141, 2268: 135, 2270: 233, 2272: 54, 2274: 45, 2276: 116, 2277: 36, 2279: 117, 2280: 4, 2282: 391, 2284: 256, 2286: 276, 2288: 229, 2290: 103, 2292: 87, 2294: 40}
2023-10-25 19:19:44,390 - valid_frames/num_frames: 1263/1336
2023-10-25 19:23:40,104 - nearby_list: {201: 29, 203: 521, 205: 429, 206: 424, 208: 110, 210: 172, 212: 424, 214: 5, 216: 20, 218: 1, 220: 0, 221: 23, 223: 66, 224: 2, 226: 871, 227: 781, 229: 805, 231: 3, 233: 50, 235: 175, 237: 670, 238: 527, 240: 172, 242: 318, 244: 20, 245: 4, 247: 196, 249: 132, 251: 30}
2023-10-25 19:23:40,105 - valid_frames/num_frames: 1788/1957
2023-10-25 19:26:05,495 - nearby_list: {259: 281, 261: 401, 263: 511, 265: 507, 267: 239, 269: 21, 271: 69, 272: 97, 274: 50, 276: 2, 278: 759, 280: 724, 282: 723, 284: 618, 286: 36, 288: 24, 289: 22, 290: 10, 292: 454, 294: 64, 296: 52, 298: 135, 300: 2, 302: 89, 304: 74, 306: 27}
2023-10-25 19:26:05,496 - valid_frames/num_frames: 1638/1755
2023-10-25 19:28:40,723 - nearby_list: {315: 147, 317: 149, 319: 54, 320: 0, 322: 229, 324: 172, 325: 125, 326: 219, 327: 156, 329: 9, 331: 500, 333: 369, 335: 134, 337: 233, 339: 247, 341: 190, 343: 104, 345: 52, 347: 59, 349: 7}
2023-10-25 19:28:40,724 - valid_frames/num_frames: 1077/2220
2023-10-25 19:32:49,873 - nearby_list: {357: 328, 359: 610, 361: 631, 363: 261, 365: 156, 367: 357, 369: 615, 371: 578, 373: 20, 375: 129, 376: 81, 378: 41, 380: 22, 382: 42, 384: 668, 386: 889, 388: 724, 390: 55, 391: 32, 393: 239, 395: 161, 397: 101, 399: 344, 401: 16, 403: 60, 405: 197, 407: 0, 408: 67}
2023-10-25 19:32:49,874 - valid_frames/num_frames: 2312/2824
2023-10-25 19:37:39,295 - nearby_list: {417: 25, 418: 209, 420: 222, 422: 1, 424: 16, 426: 724, 428: 930, 430: 622, 432: 383, 434: 134, 436: 184, 438: 222, 440: 3, 442: 46, 443: 187, 445: 25, 447: 132, 449: 107, 451: 80, 453: 60, 455: 151, 457: 17, 459: 319, 461: 44, 462: 97, 463: 158, 465: 129, 467: 161, 469: 130, 471: 3, 473: 68, 475: 21}
2023-10-25 19:37:39,296 - valid_frames/num_frames: 2050/2588
2023-10-25 19:40:23,306 - nearby_list: {654: 569, 656: 522, 658: 475, 660: 428, 662: 33, 664: 288, 666: 50, 668: 22, 670: 24, 672: 39, 674: 3, 676: 1}
2023-10-25 19:40:23,307 - valid_frames/num_frames: 569/628
2023-10-25 19:42:54,410 - nearby_list: {685: 495, 687: 524, 689: 33, 691: 18, 693: 3, 695: 24, 697: 390, 699: 125, 701: 75, 703: 31, 705: 0, 707: 310, 709: 0, 711: 0, 713: 155, 714: 75, 716: 44, 718: 1}
2023-10-25 19:42:54,411 - valid_frames/num_frames: 991/1921
2023-10-25 19:43:50,685 - nearby_list: {727: 48, 729: 48, 731: 549, 733: 310, 735: 444, 737: 302, 739: 18, 741: 23}
2023-10-25 19:43:50,686 - valid_frames/num_frames: 660/810
2023-10-25 19:47:30,730 - nearby_list: {750: 614, 752: 546, 754: 210, 756: 442, 758: 247, 759: 237, 760: 99, 762: 198, 764: 35, 766: 17, 768: 29, 770: 58, 772: 0, 774: 757, 776: 367, 778: 766, 780: 819, 782: 133, 784: 566, 786: 992, 788: 0, 790: 192, 791: 135, 792: 74, 793: 113, 795: 172, 797: 15, 799: 163, 800: 170, 802: 118, 804: 204, 806: 120, 808: 729, 809: 152, 811: 69, 813: 93, 815: 397, 816: 350, 818: 303, 820: 129, 822: 209, 823: 143, 825: 18, 826: 68, 828: 21}
2023-10-25 19:47:30,730 - valid_frames/num_frames: 2668/2805
2023-10-25 19:50:33,969 - nearby_list: {837: 29, 838: 297, 840: 326, 842: 32, 844: 87, 845: 44, 847: 34, 848: 2, 850: 26, 852: 4, 854: 340, 856: 56, 857: 460, 859: 419, 861: 119, 863: 448, 865: 19, 866: 373, 868: 86, 870: 9, 872: 48, 874: 0, 876: 0, 878: 149, 880: 265, 882: 106, 883: 0, 885: 179, 887: 3, 888: 9, 890: 33}
2023-10-25 19:50:33,970 - valid_frames/num_frames: 1502/2054
2023-10-25 19:55:41,374 - nearby_list: {899: 679, 901: 96, 903: 606, 905: 1330, 907: 157, 909: 95, 910: 58, 912: 58, 914: 128, 916: 1198, 918: 198, 920: 47, 922: 409, 924: 649, 926: 217, 928: 271, 930: 301, 932: 23, 933: 152, 934: 69, 936: 248, 937: 141, 938: 525, 939: 70, 940: 117, 942: 49, 944: 168, 946: 34, 948: 32, 950: 87, 951: 112, 953: 58, 954: 144, 956: 34, 958: 112, 960: 21, 962: 146, 964: 90, 965: 70, 966: 23, 968: 13, 969: 12, 971: 98, 972: 0, 974: 0}
2023-10-25 19:55:41,374 - valid_frames/num_frames: 2418/2943
2023-10-25 20:00:43,975 - nearby_list: {983: 660, 985: 656, 986: 435, 988: 513, 989: 198, 991: 287, 993: 13, 995: 488, 997: 473, 999: 64, 1001: 247, 1002: 5, 1004: 51, 1006: 97, 1007: 27, 1009: 7, 1011: 355, 1013: 921, 1015: 860, 1017: 845, 1019: 773, 1021: 787, 1023: 96, 1025: 172, 1026: 47, 1028: 26, 1030: 12, 1032: 116}
2023-10-25 20:00:43,975 - valid_frames/num_frames: 2519/2948
2023-10-25 20:05:58,657 - nearby_list: {1041: 679, 1043: 673, 1044: 585, 1046: 129, 1048: 3, 1049: 113, 1051: 114, 1053: 127, 1055: 1455, 1057: 518, 1059: 49, 1061: 287, 1062: 122, 1064: 29, 1066: 639, 1068: 584, 1069: 855, 1071: 235, 1073: 316, 1075: 229, 1077: 215, 1079: 235, 1081: 120, 1083: 126, 1085: 38, 1087: 29, 1089: 33, 1091: 39, 1093: 65, 1095: 116, 1097: 39, 1099: 7, 1101: 42, 1102: 94, 1104: 297, 1106: 77, 1108: 150, 1110: 74, 1111: 27, 1113: 58, 1115: 0, 1117: 66, 1119: 0}
2023-10-25 20:05:58,657 - valid_frames/num_frames: 2168/2947
2023-10-25 20:11:01,468 - nearby_list: {1128: 34, 1130: 36, 1132: 354, 1133: 566, 1135: 311, 1137: 658, 1139: 321, 1141: 584, 1143: 625, 1145: 387, 1147: 41, 1149: 97, 1151: 30, 1152: 38, 1154: 30, 1156: 0, 1158: 4, 1160: 73, 1161: 2, 1163: 3, 1164: 820, 1165: 773, 1167: 663, 1169: 64, 1170: 595, 1171: 553, 1173: 0, 1174: 334, 1175: 300, 1177: 35, 1179: 0, 1181: 0}
2023-10-25 20:11:01,468 - valid_frames/num_frames: 2553/2895
2023-10-25 20:15:42,062 - nearby_list: {1189: 169, 1191: 33, 1193: 702, 1194: 1107, 1196: 146, 1197: 159, 1199: 141, 1201: 402, 1202: 224, 1204: 147, 1206: 562, 1208: 153, 1210: 76, 1211: 427, 1212: 458, 1213: 106, 1215: 36, 1217: 384, 1219: 280, 1221: 522, 1222: 82, 1223: 138, 1225: 113, 1227: 863, 1228: 102, 1229: 503, 1231: 95, 1233: 264, 1234: 51, 1235: 293, 1237: 558, 1238: 154, 1240: 192, 1242: 122, 1244: 141, 1246: 35, 1248: 83, 1250: 203, 1251: 58, 1253: 30, 1255: 0, 1256: 0, 1258: 22}
2023-10-25 20:15:42,062 - valid_frames/num_frames: 2355/2950
2023-10-25 20:17:23,870 - nearby_list: {1266: 410, 1268: 330, 1270: 157, 1272: 3, 1274: 185, 1276: 55, 1277: 72, 1278: 2, 1280: 3}
2023-10-25 20:17:23,871 - valid_frames/num_frames: 410/466
2023-10-25 20:22:49,128 - nearby_list: {1289: 40, 1291: 322, 1293: 951, 1295: 358, 1297: 378, 1299: 3, 1300: 186, 1302: 27, 1303: 116, 1305: 95, 1307: 42, 1309: 101, 1311: 90, 1312: 0, 1314: 74, 1315: 31, 1317: 55, 1318: 8, 1319: 1161, 1321: 766, 1323: 944, 1324: 1081, 1325: 102, 1327: 922, 1329: 89, 1331: 0, 1333: 153, 1335: 392, 1337: 0, 1339: 158, 1340: 33, 1341: 16, 1343: 0, 1345: 360, 1346: 240, 1348: 181, 1350: 6, 1352: 84, 1354: 134, 1356: 129, 1357: 86, 1359: 61}
2023-10-25 20:22:49,129 - valid_frames/num_frames: 3078/3709
2023-10-25 20:23:21,572 - nearby_list: {1367: 162, 1369: 30, 1371: 62, 1373: 47, 1374: 0}
2023-10-25 20:23:21,573 - valid_frames/num_frames: 212/264
2023-10-25 20:26:31,545 - nearby_list: {1383: 29, 1384: 149, 1386: 326, 1388: 5, 1390: 34, 1392: 106, 1394: 5, 1396: 17, 1398: 3, 1400: 23, 1402: 0, 1404: 656, 1406: 684, 1408: 139, 1409: 310, 1411: 309, 1412: 206, 1414: 45, 1416: 2, 1418: 0, 1420: 181, 1422: 0, 1424: 0, 1426: 0, 1428: 4, 1430: 0, 1432: 1, 1434: 14, 1436: 103, 1438: 0, 1440: 0}
2023-10-25 20:26:31,545 - valid_frames/num_frames: 1665/2169
2023-10-25 20:29:51,166 - nearby_list: {1449: 503, 1451: 591, 1453: 179, 1455: 458, 1456: 306, 1458: 25, 1460: 0, 1462: 20, 1464: 12, 1466: 25, 1468: 370, 1470: 589, 1472: 770, 1474: 767, 1476: 56, 1478: 365, 1480: 4, 1481: 454, 1483: 153, 1485: 154, 1487: 144, 1489: 45, 1491: 66, 1493: 2, 1495: 0, 1496: 62, 1498: 28}
2023-10-25 20:29:51,167 - valid_frames/num_frames: 1634/1804
2023-10-25 20:37:42,049 - nearby_list: {1507: 36, 1509: 30, 1511: 968, 1512: 181, 1514: 732, 1516: 286, 1518: 313, 1520: 240, 1521: 489, 1523: 18, 1525: 71, 1527: 2, 1529: 3, 1531: 0, 1532: 8, 1534: 0, 1536: 0, 1538: 4, 1540: 1041, 1542: 1066, 1544: 841, 1545: 905, 1547: 62, 1549: 0, 1551: 365, 1553: 10, 1555: 5, 1557: 122, 1559: 0, 1561: 502, 1563: 628, 1565: 638, 1566: 9, 1568: 321, 1570: 3, 1572: 327, 1574: 288, 1576: 190, 1577: 67, 1578: 172, 1580: 363, 1581: 47, 1583: 205, 1584: 158, 1586: 111, 1588: 60, 1590: 1}
2023-10-25 20:37:42,049 - valid_frames/num_frames: 4115/5297
2023-10-25 20:39:59,718 - nearby_list: {1599: 257, 1601: 302, 1603: 252, 1604: 68, 1606: 176, 1607: 137, 1609: 61, 1611: 3}
2023-10-25 20:39:59,719 - valid_frames/num_frames: 372/427
2023-10-25 20:40:31,145 - nearby_list: {1620: 156, 1622: 38, 1624: 84, 1626: 17}
2023-10-25 20:40:31,146 - valid_frames/num_frames: 210/261
2023-10-25 20:41:41,559 - nearby_list: {1635: 588, 1636: 542, 1638: 379, 1639: 430, 1640: 177, 1642: 39, 1643: 124, 1644: 15, 1645: 9, 1647: 14, 1649: 49, 1651: 2, 1653: 1}
2023-10-25 20:41:41,560 - valid_frames/num_frames: 589/649
2023-10-25 20:42:39,398 - nearby_list: {1662: 512, 1664: 465, 1666: 170, 1667: 194, 1669: 77, 1671: 275, 1672: 31, 1674: 43, 1676: 11, 1678: 12, 1680: 1}
2023-10-25 20:42:39,399 - valid_frames/num_frames: 512/570
2023-10-25 20:43:59,450 - nearby_list: {1689: 51, 1690: 3, 1692: 15, 1694: 632, 1696: 604, 1698: 102, 1699: 77, 1701: 463, 1702: 72, 1704: 74, 1706: 145, 1707: 49, 1709: 228, 1711: 162, 1713: 134, 1715: 87, 1717: 28}
2023-10-25 20:43:59,450 - valid_frames/num_frames: 720/856
2023-10-25 20:44:47,127 - nearby_list: {1726: 260, 1727: 193, 1729: 118, 1731: 34, 1733: 2}
2023-10-25 20:44:47,127 - valid_frames/num_frames: 260/360
2023-10-25 20:45:23,653 - nearby_list: {1741: 226, 1743: 261, 1745: 92, 1747: 139, 1749: 24}
2023-10-25 20:45:23,653 - valid_frames/num_frames: 308/360
2023-10-25 20:47:33,894 - nearby_list: {1758: 653, 1760: 598, 1762: 254, 1764: 217, 1766: 133, 1768: 9, 1770: 18, 1772: 17, 1774: 68, 1776: 21, 1778: 430, 1780: 374, 1782: 336, 1784: 246, 1786: 9, 1788: 15}
2023-10-25 20:47:33,895 - valid_frames/num_frames: 1190/1443
2023-10-25 20:50:08,951 - nearby_list: {1797: 623, 1799: 307, 1801: 405, 1803: 519, 1805: 4, 1807: 6, 1809: 0, 1811: 24, 1813: 1, 1815: 21, 1817: 261, 1818: 325, 1819: 303, 1821: 229, 1822: 223, 1823: 171, 1825: 122, 1826: 51, 1828: 3}
2023-10-25 20:50:08,952 - valid_frames/num_frames: 1107/1444
2023-10-25 20:52:16,912 - nearby_list: {1837: 1, 1839: 299, 1841: 119, 1843: 280, 1845: 46, 1847: 33, 1848: 16, 1850: 4, 1852: 10, 1854: 182, 1856: 69, 1858: 139, 1860: 38, 1861: 50, 1863: 3}
2023-10-25 20:52:16,913 - valid_frames/num_frames: 627/1107
2023-10-25 20:54:46,559 - nearby_list: {1872: 47, 1874: 776, 1876: 1185, 1878: 142, 1880: 600, 1882: 154, 1884: 535, 1886: 101, 1888: 131, 1890: 904, 1892: 91, 1894: 67, 1896: 83, 1898: 135, 1900: 403, 1902: 489, 1904: 31, 1906: 248, 1908: 375, 1910: 201, 1912: 149, 1914: 88, 1916: 76, 1918: 124, 1920: 39, 1922: 3, 1924: 138, 1926: 188, 1927: 155, 1929: 27}
2023-10-25 20:54:46,560 - valid_frames/num_frames: 1547/1663
2023-10-25 20:56:15,626 - nearby_list: {1938: 552, 1940: 413, 1941: 407, 1943: 333, 1945: 70, 1947: 3, 1949: 249, 1951: 26, 1953: 153, 1955: 36}
2023-10-25 20:56:15,626 - valid_frames/num_frames: 552/609
2023-10-25 20:58:33,534 - nearby_list: {1964: 39, 1965: 126, 1967: 43, 1968: 28, 1970: 552, 1972: 82, 1974: 65, 1976: 18, 1977: 20, 1978: 93, 1980: 126, 1982: 1, 1984: 121, 1986: 55, 1988: 396, 1989: 320, 1990: 103, 1992: 0, 1994: 226, 1996: 110, 1998: 23}
2023-10-25 20:58:33,534 - valid_frames/num_frames: 1367/1476
2023-10-25 21:01:54,080 - nearby_list: {2007: 23, 2009: 310, 2011: 64, 2012: 147, 2014: 186, 2016: 32, 2018: 16, 2020: 624, 2022: 466, 2023: 494, 2025: 296, 2027: 124, 2029: 442, 2030: 28, 2032: 75, 2034: 95, 2035: 151, 2037: 124, 2039: 93, 2041: 0, 2043: 0, 2045: 0, 2047: 56, 2049: 1}
2023-10-25 21:01:54,080 - valid_frames/num_frames: 1470/2000
2023-10-25 21:07:04,825 - nearby_list: {2058: 702, 2060: 30, 2062: 661, 2064: 139, 2066: 117, 2068: 117, 2070: 738, 2072: 113, 2074: 310, 2076: 107, 2078: 182, 2079: 453, 2081: 425, 2083: 507, 2084: 353, 2086: 352, 2087: 286, 2089: 899, 2091: 273, 2093: 171, 2094: 42, 2096: 44, 2098: 608, 2100: 112, 2102: 46, 2103: 562, 2105: 338, 2107: 64, 2109: 196, 2111: 162, 2112: 39, 2114: 135, 2116: 68, 2118: 131, 2120: 53, 2122: 119, 2124: 123, 2126: 17, 2128: 101, 2130: 28, 2132: 0, 2133: 0, 2135: 53, 2137: 20}
2023-10-25 21:07:04,826 - valid_frames/num_frames: 2421/2948
2023-10-25 21:09:58,120 - nearby_list: {2146: 28, 2148: 36, 2150: 601, 2152: 28, 2153: 522, 2155: 112, 2157: 18, 2159: 18, 2161: 9, 2163: 42, 2165: 32, 2167: 119, 2169: 2, 2171: 284, 2172: 197, 2173: 7, 2175: 197, 2177: 99, 2179: 55, 2181: 8}
2023-10-25 21:09:58,121 - valid_frames/num_frames: 1159/1304
2023-10-25 21:14:06,483 - nearby_list: {2190: 39, 2192: 48, 2194: 235, 2196: 810, 2198: 1044, 2199: 299, 2201: 382, 2203: 356, 2205: 375, 2207: 35, 2209: 21, 2211: 30, 2213: 2, 2215: 74, 2217: 1, 2219: 0, 2221: 4, 2223: 69, 2225: 31, 2227: 16, 2229: 38, 2231: 0, 2233: 582, 2235: 468, 2237: 509, 2239: 46, 2241: 187, 2243: 248, 2245: 153, 2247: 25, 2249: 48, 2251: 12}
2023-10-25 21:14:06,483 - valid_frames/num_frames: 2394/2700
2023-10-25 21:16:15,919 - nearby_list: {2260: 28, 2262: 329, 2263: 598, 2265: 208, 2266: 518, 2268: 112, 2270: 65, 2271: 18, 2273: 24, 2275: 78, 2277: 0, 2279: 119, 2280: 4, 2282: 144, 2283: 266, 2285: 68, 2287: 221, 2289: 116, 2291: 79, 2293: 32}
2023-10-25 21:16:15,919 - valid_frames/num_frames: 1130/1328
2023-10-25 21:17:29,326 - nearby_list: {2301: 427, 2302: 389, 2304: 201, 2305: 262, 2307: 245, 2308: 82, 2310: 93, 2311: 35}
2023-10-25 21:17:29,327 - valid_frames/num_frames: 481/536
2023-10-25 21:18:48,952 - nearby_list: {2320: 672, 2321: 615, 2323: 421, 2325: 516, 2326: 377, 2327: 14, 2329: 51, 2331: 57, 2333: 68, 2335: 61, 2337: 2, 2339: 1, 2341: 108, 2343: 13}
2023-10-25 21:18:48,952 - valid_frames/num_frames: 672/733
2023-10-25 21:23:30,316 - nearby_list: {2352: 51, 2354: 101, 2355: 715, 2356: 650, 2357: 95, 2359: 543, 2361: 170, 2363: 154, 2365: 923, 2367: 121, 2368: 111, 2370: 122, 2372: 502, 2374: 464, 2375: 121, 2377: 45, 2379: 46, 2381: 445, 2383: 410, 2384: 163, 2386: 131, 2388: 38, 2390: 28, 2392: 57, 2394: 99, 2395: 36, 2397: 35, 2398: 31, 2400: 61, 2402: 122, 2404: 395, 2406: 200, 2407: 157, 2409: 48, 2411: 213, 2413: 87, 2415: 40, 2417: 13, 2419: 0, 2421: 79, 2423: 0}
2023-10-25 21:23:30,316 - valid_frames/num_frames: 2114/2960
2023-10-25 21:28:08,787 - nearby_list: {2432: 586, 2434: 670, 2436: 284, 2438: 544, 2440: 3, 2442: 526, 2444: 108, 2445: 154, 2447: 494, 2449: 3, 2451: 18, 2453: 91, 2455: 749, 2457: 383, 2459: 648, 2461: 595, 2463: 52, 2465: 556, 2466: 433, 2468: 81, 2470: 129, 2472: 91, 2474: 44}
2023-10-25 21:28:08,788 - valid_frames/num_frames: 2194/2684
2023-10-25 21:30:01,043 - nearby_list: {2483: 29, 2485: 336, 2487: 102, 2489: 207, 2491: 206, 2493: 0, 2495: 1, 2497: 13, 2498: 0, 2499: 3, 2501: 215, 2503: 203, 2505: 150, 2507: 81, 2509: 104, 2510: 36, 2512: 3}
2023-10-25 21:30:01,044 - valid_frames/num_frames: 670/1162
2023-10-25 21:31:41,845 - nearby_list: {2521: 22, 2523: 328, 2525: 740, 2526: 721, 2527: 102, 2529: 153, 2531: 168, 2533: 533, 2535: 92, 2537: 127, 2539: 312, 2540: 121, 2542: 268, 2544: 230, 2546: 63, 2548: 132, 2550: 110, 2552: 13, 2554: 16}
2023-10-25 21:31:41,846 - valid_frames/num_frames: 837/928
2023-10-25 21:32:15,485 - nearby_list: {2563: 91, 2565: 7}
2023-10-25 21:32:15,486 - valid_frames/num_frames: 91/140
2023-10-25 21:32:48,244 - nearby_list: {2574: 0, 2576: 261, 2577: 118, 2579: 71, 2581: 0}
2023-10-25 21:32:48,245 - valid_frames/num_frames: 261/360
2023-10-25 21:36:47,602 - nearby_list: {2589: 586, 2591: 353, 2593: 796, 2595: 369, 2597: 378, 2598: 282, 2600: 57, 2602: 10, 2604: 508, 2606: 83, 2608: 131, 2610: 168, 2612: 4, 2614: 16, 2616: 24, 2618: 62, 2620: 2, 2622: 759, 2624: 747, 2626: 707, 2628: 643, 2630: 580, 2632: 584, 2634: 197, 2635: 35, 2637: 50, 2639: 3, 2641: 40, 2643: 7}
2023-10-25 21:36:47,602 - valid_frames/num_frames: 2261/2702
2023-10-25 21:38:41,151 - nearby_list: {2651: 80, 2653: 632, 2655: 164, 2656: 554, 2658: 141, 2660: 850, 2662: 141, 2663: 125, 2665: 30, 2667: 153, 2669: 450, 2671: 128, 2673: 417, 2675: 502, 2676: 27, 2678: 372, 2679: 45, 2681: 296, 2683: 134, 2685: 175, 2687: 105, 2689: 37, 2691: 47, 2693: 32}
2023-10-25 21:38:41,151 - valid_frames/num_frames: 1113/1184
2023-10-25 21:40:50,857 - nearby_list: {2702: 23, 2704: 268, 2706: 584, 2707: 124, 2709: 318, 2711: 435, 2713: 54, 2715: 141, 2717: 146, 2719: 2, 2721: 92, 2722: 155, 2723: 157, 2725: 105, 2727: 139, 2729: 213, 2731: 81, 2732: 121, 2734: 74, 2735: 27}
2023-10-25 21:40:50,857 - valid_frames/num_frames: 1087/1179
2023-10-25 21:44:28,251 - nearby_list: {2744: 29, 2746: 305, 2748: 326, 2750: 26, 2752: 72, 2753: 8, 2754: 72, 2756: 13, 2758: 26, 2760: 60, 2761: 675, 2763: 266, 2765: 295, 2767: 350, 2769: 143, 2771: 271, 2772: 381, 2774: 307, 2776: 1, 2778: 1, 2780: 0, 2782: 130, 2784: 49, 2786: 0, 2788: 218, 2790: 13, 2792: 52, 2794: 77, 2796: 22}
2023-10-25 21:44:28,252 - valid_frames/num_frames: 1745/2190
2023-10-25 21:45:49,338 - nearby_list: {2805: 316, 2807: 149, 2809: 136, 2811: 184, 2813: 123, 2815: 0, 2817: 43}
2023-10-25 21:45:49,338 - valid_frames/num_frames: 325/379
2023-10-25 21:49:26,618 - nearby_list: {2826: 29, 2828: 41, 2830: 495, 2832: 418, 2834: 251, 2836: 332, 2838: 39, 2840: 616, 2841: 39, 2842: 2, 2844: 417, 2846: 129, 2848: 121, 2850: 95, 2852: 140, 2854: 2, 2856: 17, 2858: 28, 2860: 95, 2862: 0, 2864: 629, 2865: 593, 2867: 52, 2868: 80, 2869: 340, 2870: 372, 2872: 339, 2874: 202, 2875: 90, 2877: 105, 2879: 47, 2880: 0}
2023-10-25 21:49:26,619 - valid_frames/num_frames: 2063/2523
2023-10-25 21:52:58,969 - nearby_list: {2889: 774, 2890: 189, 2892: 410, 2894: 498, 2896: 262, 2898: 194, 2900: 504, 2902: 482, 2904: 49, 2906: 80, 2908: 119, 2910: 6, 2911: 26, 2913: 102, 2915: 55, 2917: 4, 2919: 559, 2921: 509, 2923: 465, 2925: 393, 2927: 334, 2929: 3, 2930: 7, 2932: 86}
2023-10-25 21:52:58,970 - valid_frames/num_frames: 2029/2438
2023-10-25 21:53:46,885 - nearby_list: {2941: 264, 2943: 232, 2944: 230, 2946: 138, 2948: 184, 2950: 67, 2952: 20, 2954: 2}
2023-10-25 21:53:46,885 - valid_frames/num_frames: 372/427
2023-10-25 21:56:28,073 - nearby_list: {3133: 145, 3135: 147, 3136: 239, 3138: 343, 3139: 793, 3140: 506, 3141: 180, 3143: 465, 3144: 403, 3146: 38, 3148: 39, 3150: 258, 3152: 48, 3154: 73, 3156: 343, 3158: 265, 3160: 324, 3161: 163, 3163: 233, 3165: 186, 3166: 88, 3168: 85, 3170: 4}
2023-10-25 21:56:28,073 - valid_frames/num_frames: 1127/1197
2023-10-25 21:57:14,479 - nearby_list: {3178: 269, 3180: 225, 3182: 175, 3184: 7, 3186: 132, 3188: 12, 3190: 57, 3192: 27}
2023-10-25 21:57:14,480 - valid_frames/num_frames: 356/411
2023-10-25 21:57:30,825 - nearby_list: {3201: 30}
2023-10-25 21:57:30,825 - valid_frames/num_frames: 30/78
2023-10-25 21:57:42,709 - nearby_list: {3210: 40}
2023-10-25 21:57:42,710 - valid_frames/num_frames: 40/88
2023-10-25 21:57:54,192 - nearby_list: {3219: 30}
2023-10-25 21:57:54,192 - valid_frames/num_frames: 30/78
2023-10-25 22:00:09,356 - nearby_list: {3228: 222, 3230: 184, 3232: 95, 3234: 93, 3236: 163, 3237: 135, 3239: 115, 3241: 189, 3243: 335, 3245: 182, 3247: 221, 3249: 122, 3251: 388, 3253: 168, 3254: 107, 3255: 276, 3257: 43, 3259: 127, 3261: 39}
2023-10-25 22:00:09,356 - valid_frames/num_frames: 1097/1527
2023-10-25 22:02:42,124 - nearby_list: {3270: 173, 3272: 171, 3274: 232, 3275: 4, 3277: 138, 3278: 607, 3279: 109, 3281: 44, 3283: 432, 3285: 344, 3287: 203, 3289: 338, 3291: 393, 3293: 296, 3294: 294, 3296: 2, 3298: 197, 3300: 0, 3302: 130, 3303: 15, 3304: 0, 3306: 0, 3308: 38, 3310: 20}
2023-10-25 22:02:42,125 - valid_frames/num_frames: 1135/1316
2023-10-25 22:06:26,541 - nearby_list: {3318: 8, 3320: 140, 3322: 571, 3324: 1201, 3326: 112, 3328: 31, 3330: 30, 3332: 104, 3334: 57, 3336: 436, 3338: 198, 3340: 89, 3342: 133, 3343: 163, 3345: 382, 3347: 67, 3349: 99, 3351: 54, 3353: 0, 3355: 0, 3357: 125, 3359: 158, 3361: 20, 3363: 61, 3365: 89, 3367: 157, 3369: 1, 3371: 76, 3373: 329, 3375: 99, 3376: 293, 3377: 59, 3378: 119, 3380: 283, 3382: 169, 3384: 1, 3386: 143, 3387: 100, 3389: 205, 3390: 2, 3392: 13}
2023-10-25 22:06:26,541 - valid_frames/num_frames: 2089/2221
2023-10-25 22:07:24,245 - nearby_list: {3401: 40}
2023-10-25 22:07:24,246 - valid_frames/num_frames: 40/88
2023-10-25 22:09:28,508 - nearby_list: {3410: 127, 3412: 172, 3414: 221, 3416: 698, 3418: 150, 3420: 3, 3421: 58, 3423: 312, 3424: 171, 3426: 293, 3427: 0, 3429: 231, 3431: 57, 3433: 186, 3435: 43, 3437: 48, 3439: 45}
2023-10-25 22:09:28,509 - valid_frames/num_frames: 1023/1341
2023-10-25 22:10:25,403 - nearby_list: {3448: 252, 3450: 160, 3452: 158, 3454: 33, 3456: 64, 3458: 17}
2023-10-25 22:10:25,403 - valid_frames/num_frames: 252/305
2023-10-25 22:12:18,326 - nearby_list: {3466: 186, 3468: 26, 3470: 5, 3472: 250, 3474: 98, 3476: 115, 3478: 118, 3480: 157, 3482: 182, 3484: 37, 3486: 134, 3487: 146, 3489: 69, 3491: 52, 3493: 4}
2023-10-25 22:12:18,326 - valid_frames/num_frames: 809/1205
2023-10-25 22:14:30,838 - nearby_list: {3502: 132, 3504: 35, 3506: 135, 3508: 218, 3509: 110, 3511: 244, 3512: 6, 3514: 332, 3515: 150, 3517: 125, 3519: 193, 3520: 56, 3522: 81, 3524: 38, 3526: 5}
2023-10-25 22:14:30,838 - valid_frames/num_frames: 787/1205
2023-10-25 22:16:48,468 - nearby_list: {3535: 228, 3537: 171, 3539: 149, 3541: 143, 3543: 268, 3545: 207, 3547: 339, 3548: 831, 3549: 246, 3550: 136, 3551: 343, 3552: 0, 3553: 51, 3555: 411, 3556: 353, 3558: 320, 3559: 151, 3560: 209, 3562: 164, 3564: 0, 3565: 168, 3567: 69, 3569: 78, 3571: 31}
2023-10-25 22:16:48,469 - valid_frames/num_frames: 1160/1231
2023-10-25 22:18:57,844 - nearby_list: {3579: 632, 3581: 82, 3583: 97, 3585: 128, 3587: 127, 3589: 157, 3591: 378, 3593: 8, 3594: 0, 3596: 56, 3598: 182, 3600: 71, 3602: 0, 3604: 37, 3606: 0}
2023-10-25 22:18:57,845 - valid_frames/num_frames: 813/1205
2023-10-25 22:21:38,915 - nearby_list: {3615: 210, 3617: 256, 3619: 125, 3621: 242, 3623: 122, 3625: 40, 3627: 140, 3629: 214, 3631: 129, 3633: 153, 3635: 14, 3637: 30, 3639: 103, 3640: 72, 3641: 25}
2023-10-25 22:21:38,915 - valid_frames/num_frames: 803/1753
2023-10-25 22:23:17,665 - nearby_list: {3650: 165, 3652: 175, 3654: 478, 3656: 504, 3657: 292, 3658: 81, 3659: 363, 3661: 50, 3663: 233, 3664: 109, 3666: 175, 3668: 91, 3670: 60, 3671: 2}
2023-10-25 22:23:17,665 - valid_frames/num_frames: 645/706
2023-10-25 22:24:10,097 - nearby_list: {3680: 320, 3682: 227, 3684: 244, 3686: 86, 3687: 93, 3689: 39, 3691: 26, 3693: 7}
2023-10-25 22:24:10,098 - valid_frames/num_frames: 351/406
2023-10-25 22:25:37,833 - nearby_list: {201: 133, 203: 96, 205: 210, 207: 7, 209: 0, 211: 0, 213: 22}
2023-10-25 22:25:37,834 - valid_frames/num_frames: 288/358
2023-10-25 22:29:35,994 - nearby_list: {222: 122, 224: 116, 225: 173, 227: 158, 229: 88, 231: 200, 233: 202, 235: 57, 237: 145, 238: 253, 239: 154, 241: 140, 243: 292, 245: 548, 247: 260, 249: 110, 251: 116, 252: 52, 254: 67, 256: 155, 258: 141, 260: 51, 262: 183, 264: 68, 266: 107, 267: 38, 269: 0, 271: 60, 273: 43, 275: 38}
2023-10-25 22:29:35,994 - valid_frames/num_frames: 1993/2534
2023-10-25 22:30:52,917 - nearby_list: {283: 148, 285: 101, 287: 54, 289: 7, 291: 118, 293: 28, 295: 24}
2023-10-25 22:30:52,917 - valid_frames/num_frames: 266/360
2023-10-25 22:31:50,174 - nearby_list: {303: 425, 305: 241, 306: 336, 308: 223, 309: 77, 310: 195, 312: 95, 313: 101, 315: 54, 317: 7}
2023-10-25 22:31:50,175 - valid_frames/num_frames: 430/487
2023-10-25 22:32:40,240 - nearby_list: {326: 351, 328: 197, 330: 231, 332: 210, 334: 40, 335: 116, 337: 69, 338: 22}
2023-10-25 22:32:40,241 - valid_frames/num_frames: 351/406
2023-10-25 22:35:13,029 - nearby_list: {346: 46, 348: 9, 349: 36, 351: 29, 353: 64, 355: 913, 357: 915, 359: 281, 360: 688, 362: 79, 363: 663, 365: 133, 367: 216, 369: 110, 371: 17, 373: 0, 375: 226, 377: 225, 379: 154, 381: 52, 383: 41, 385: 104, 387: 50, 389: 1}
2023-10-25 22:35:13,029 - valid_frames/num_frames: 1344/1619
2023-10-25 22:36:20,858 - nearby_list: {398: 436, 399: 224, 401: 173, 402: 255, 404: 254, 406: 108, 407: 169, 409: 34, 410: 65, 412: 48, 413: 1}
2023-10-25 22:36:20,859 - valid_frames/num_frames: 471/529
2023-10-25 22:38:42,536 - nearby_list: {422: 46, 424: 67, 426: 68, 428: 2, 430: 23, 432: 1038, 434: 967, 435: 896, 437: 850, 439: 113, 440: 21, 442: 26, 444: 613, 446: 0, 447: 519, 448: 20, 450: 4, 452: 197, 454: 151, 456: 59}
2023-10-25 22:38:42,536 - valid_frames/num_frames: 1224/1436
2023-10-25 22:42:23,893 - nearby_list: {465: 35, 467: 53, 469: 594, 471: 43, 473: 22, 475: 80, 477: 3, 479: 12, 481: 204, 483: 103, 485: 25, 487: 300, 488: 111, 490: 337, 491: 202, 492: 191, 494: 121, 496: 90, 498: 56, 500: 232, 502: 20, 504: 103, 506: 709, 508: 187, 510: 109, 512: 217, 514: 346, 516: 144, 518: 99, 520: 52, 522: 5, 524: 169, 525: 135, 527: 103, 529: 149, 531: 123, 533: 118, 534: 13, 535: 46, 537: 13}
2023-10-25 22:42:23,894 - valid_frames/num_frames: 2246/2432
2023-10-25 22:45:14,845 - nearby_list: {546: 159, 548: 69, 550: 2, 552: 13, 554: 33, 556: 68, 558: 0, 560: 880, 562: 807, 563: 751, 565: 752, 567: 64, 568: 104, 570: 351, 572: 340, 573: 78, 575: 31, 577: 151, 579: 56}
2023-10-25 22:45:14,845 - valid_frames/num_frames: 1182/1352
2023-10-25 22:45:45,698 - nearby_list: {588: 136, 590: 131, 591: 60, 593: 37}
2023-10-25 22:45:45,698 - valid_frames/num_frames: 178/229
2023-10-25 22:46:13,306 - nearby_list: {602: 128, 604: 114, 606: 103, 608: 56, 610: 9}
2023-10-25 22:46:13,307 - valid_frames/num_frames: 197/249
2023-10-25 22:50:49,250 - nearby_list: {619: 711, 621: 796, 622: 139, 624: 535, 626: 127, 628: 376, 630: 155, 632: 74, 634: 644, 636: 128, 638: 177, 640: 254, 642: 97, 644: 182, 646: 29, 648: 93, 649: 46, 651: 21, 653: 669, 655: 231, 656: 155, 658: 136, 660: 191, 661: 146, 663: 24, 665: 143, 666: 156, 668: 131, 670: 55, 672: 37, 674: 11, 675: 278, 677: 97, 679: 47, 681: 143, 683: 62, 685: 49, 687: 0, 689: 16}
2023-10-25 22:50:49,251 - valid_frames/num_frames: 2226/3115
2023-10-25 22:57:20,225 - nearby_list: {698: 140, 700: 192, 702: 92, 704: 192, 706: 574, 708: 653, 710: 440, 712: 8, 714: 346, 716: 141, 717: 228, 719: 193, 721: 146, 722: 130, 724: 111, 726: 101, 728: 195, 729: 53, 731: 63, 733: 924, 734: 908, 736: 0, 738: 388, 740: 0, 742: 0, 744: 0, 745: 479, 747: 0, 749: 0, 751: 0, 753: 127, 755: 232, 757: 242, 759: 195, 761: 228, 763: 68, 765: 115, 767: 917, 769: 100, 771: 115, 773: 176, 775: 1062, 776: 786, 778: 170, 780: 419, 782: 163, 783: 136, 785: 219, 787: 216, 789: 571, 790: 327, 792: 22, 794: 393, 796: 377, 798: 124, 799: 273, 801: 90, 803: 162}
2023-10-25 22:57:20,226 - valid_frames/num_frames: 3440/3645
2023-10-25 22:59:24,033 - nearby_list: {812: 229, 814: 411, 815: 42, 816: 310, 818: 218, 820: 211, 821: 107, 823: 47, 825: 13, 827: 26}
2023-10-25 22:59:24,033 - valid_frames/num_frames: 440/515
2023-10-25 22:59:57,107 - nearby_list: {836: 169, 837: 122, 838: 22, 840: 28}
2023-10-25 22:59:57,108 - valid_frames/num_frames: 169/220
2023-10-25 23:02:12,313 - nearby_list: {849: 46, 851: 36, 853: 8, 854: 23, 856: 977, 858: 995, 859: 763, 861: 709, 863: 548, 865: 120, 867: 158, 869: 0, 871: 97, 873: 229, 874: 118, 876: 100, 878: 51, 880: 4}
2023-10-25 23:02:12,314 - valid_frames/num_frames: 1144/1444
2023-10-25 23:05:42,796 - nearby_list: {201: 441, 203: 401, 205: 73, 207: 86, 209: 35, 210: 6, 212: 22, 214: 13, 216: 79, 218: 0, 220: 267, 222: 749, 223: 683, 225: 644, 227: 163, 229: 535, 231: 480, 233: 68, 235: 100, 237: 328, 239: 0, 241: 121, 243: 21, 245: 47, 246: 8}
2023-10-25 23:05:42,796 - valid_frames/num_frames: 1481/1697
2023-10-25 23:07:41,430 - nearby_list: {255: 141, 257: 177, 259: 81, 261: 211, 263: 408, 265: 178, 267: 95, 269: 138, 270: 592, 272: 314, 273: 121, 275: 74, 277: 30, 279: 11, 281: 141, 283: 33, 284: 62, 286: 0, 288: 2, 290: 70, 292: 95, 294: 48, 296: 1}
2023-10-25 23:07:41,430 - valid_frames/num_frames: 1132/1249
2023-10-25 23:10:59,856 - nearby_list: {304: 33, 306: 136, 307: 24, 309: 128, 311: 35, 313: 6, 315: 45, 317: 80, 319: 9, 320: 741, 322: 797, 324: 815, 325: 740, 327: 706, 329: 197, 331: 245, 333: 8, 335: 145, 336: 132, 338: 89, 340: 147, 342: 52, 344: 6}
2023-10-25 23:10:59,856 - valid_frames/num_frames: 1446/1854
2023-10-25 23:12:30,991 - nearby_list: {201: 24, 202: 258, 203: 211, 205: 88, 207: 117, 208: 1, 210: 2}
2023-10-25 23:12:30,991 - valid_frames/num_frames: 261/359
2023-10-25 23:13:08,800 - nearby_list: {218: 68, 219: 174, 221: 37, 223: 131, 225: 92, 227: 26}
2023-10-25 23:13:08,800 - valid_frames/num_frames: 280/333
2023-10-25 23:13:49,883 - nearby_list: {236: 5, 238: 123, 240: 147, 242: 30, 244: 70, 246: 23, 247: 0, 249: 26}
2023-10-25 23:13:49,884 - valid_frames/num_frames: 242/410
2023-10-25 23:14:08,658 - nearby_list: {258: 0}
2023-10-25 23:14:08,658 - valid_frames/num_frames: 0/76
2023-10-25 23:14:20,187 - nearby_list: {266: 28}
2023-10-25 23:14:20,188 - valid_frames/num_frames: 28/76
2023-10-25 23:14:30,906 - nearby_list: {274: 30}
2023-10-25 23:14:30,907 - valid_frames/num_frames: 30/78
2023-10-25 23:17:06,213 - nearby_list: {283: 5, 285: 150, 287: 107, 289: 114, 290: 80, 292: 53, 294: 6, 296: 118, 298: 108, 300: 112, 302: 117, 303: 250, 304: 632, 306: 499, 308: 564, 309: 154, 311: 108, 313: 64, 314: 23, 315: 173, 316: 18, 318: 98, 320: 94, 321: 28, 323: 0, 325: 47, 327: 0}
2023-10-25 23:17:06,214 - valid_frames/num_frames: 1359/1775
2023-10-25 23:19:04,574 - nearby_list: {336: 370, 338: 439, 340: 106, 342: 168, 344: 285, 346: 113, 348: 98, 350: 17, 352: 18, 354: 98, 356: 101, 357: 4, 358: 48, 359: 1, 361: 60, 363: 72, 365: 34}
2023-10-25 23:19:04,574 - valid_frames/num_frames: 793/946
2023-10-25 23:19:32,160 - nearby_list: {}
2023-10-25 23:19:32,160 - valid_frames/num_frames: 0/76
2023-10-25 23:20:17,038 - nearby_list: {380: 312, 381: 125, 382: 103, 384: 151, 386: 105, 387: 179, 389: 124, 391: 0, 393: 38}
2023-10-25 23:20:17,039 - valid_frames/num_frames: 414/470
2023-10-25 23:20:35,508 - nearby_list: {402: 30}
2023-10-25 23:20:35,508 - valid_frames/num_frames: 30/78
2023-10-25 23:21:12,441 - nearby_list: {410: 5, 411: 211, 413: 114, 415: 22, 417: 167, 418: 23, 420: 73, 422: 26}
2023-10-25 23:21:12,442 - valid_frames/num_frames: 313/410
2023-10-25 23:28:31,826 - nearby_list: {431: 36, 432: 33, 434: 36, 436: 28, 438: 107, 440: 320, 441: 81, 443: 38, 445: 168, 447: 30, 449: 24, 451: 254, 453: 130, 455: 431, 456: 36, 458: 253, 459: 147, 461: 115, 463: 22, 465: 139, 466: 211, 467: 125, 468: 138, 470: 435, 471: 373, 473: 226, 474: 150, 476: 190, 478: 318, 480: 153, 482: 91, 484: 39, 486: 176, 487: 220, 489: 467, 491: 479, 493: 316, 495: 45, 497: 366, 499: 249, 501: 288, 502: 181, 503: 466, 505: 303, 506: 119, 508: 311, 510: 278, 511: 90}
2023-10-25 23:28:31,826 - valid_frames/num_frames: 3303/5127
2023-10-25 23:29:16,976 - nearby_list: {520: 298, 522: 197, 523: 129, 524: 130, 526: 82, 528: 3, 530: 16}
2023-10-25 23:29:16,977 - valid_frames/num_frames: 298/352
2023-10-25 23:30:26,877 - nearby_list: {538: 553, 539: 448, 541: 222, 543: 74, 545: 128, 546: 81, 547: 77, 549: 25, 551: 179, 552: 79, 553: 37}
2023-10-25 23:30:26,878 - valid_frames/num_frames: 555/613
2023-10-25 23:31:07,793 - nearby_list: {562: 43, 564: 91, 565: 32, 567: 73, 569: 80, 571: 33}
2023-10-25 23:31:07,794 - valid_frames/num_frames: 261/321
2023-10-25 23:31:50,045 - nearby_list: {579: 280, 581: 244, 582: 197, 584: 150, 586: 45, 588: 56}
2023-10-25 23:31:50,046 - valid_frames/num_frames: 291/344
2023-10-25 23:41:29,078 - nearby_list: {597: 38, 599: 46, 601: 222, 602: 154, 603: 158, 604: 60, 605: 38, 607: 142, 609: 38, 611: 221, 613: 230, 614: 289, 616: 128, 618: 45, 620: 463, 622: 411, 623: 86, 625: 115, 627: 0, 628: 107, 630: 93, 632: 172, 634: 159, 636: 201, 638: 196, 640: 119, 642: 12, 644: 288, 646: 6, 648: 343, 650: 220, 651: 238, 653: 191, 654: 144, 656: 32, 658: 176, 660: 206, 662: 147, 664: 259, 665: 134, 666: 92, 668: 58, 669: 6, 671: 317, 672: 275, 674: 162, 676: 128, 678: 1472, 679: 309, 681: 186, 683: 316, 684: 402, 685: 250, 687: 536, 689: 447, 691: 199, 693: 209, 695: 158, 696: 24, 698: 75, 700: 5, 702: 8, 704: 121, 706: 35, 708: 68, 710: 365, 712: 66, 714: 115, 716: 90, 718: 2, 720: 39, 722: 29, 724: 36, 726: 44, 728: 24}
2023-10-25 23:41:29,079 - valid_frames/num_frames: 4733/6888
2023-10-25 23:46:14,768 - nearby_list: {737: 107, 739: 102, 740: 161, 742: 95, 744: 100, 746: 53, 747: 6, 749: 163, 750: 66, 752: 85, 754: 119, 756: 111, 758: 42, 760: 592, 762: 110, 764: 440, 766: 57, 768: 232, 770: 11, 771: 101, 773: 119, 775: 3, 777: 194, 778: 156, 780: 269, 781: 152, 782: 103}
2023-10-25 23:46:14,768 - valid_frames/num_frames: 1429/1951
2023-10-25 23:48:41,349 - nearby_list: {791: 142, 793: 112, 795: 0, 796: 18, 798: 46, 800: 3, 802: 193, 803: 101, 805: 5, 806: 116, 808: 0, 810: 275, 812: 177, 814: 120, 815: 263, 817: 175, 819: 81, 820: 16}
2023-10-25 23:48:41,350 - valid_frames/num_frames: 883/1130
2023-10-25 23:50:26,176 - nearby_list: {828: 130, 830: 78, 832: 65, 833: 18, 835: 24, 836: 49, 837: 56, 839: 82, 841: 93, 843: 1, 845: 134, 847: 94, 849: 54, 851: 50, 853: 3}
2023-10-25 23:50:26,176 - valid_frames/num_frames: 604/819
2023-10-25 23:52:36,060 - nearby_list: {862: 138, 864: 71, 866: 17, 868: 3, 870: 14, 872: 56, 873: 63, 875: 111, 877: 5, 878: 229, 880: 107, 882: 192, 884: 145, 885: 129, 886: 3, 888: 97, 890: 29, 892: 36}
2023-10-25 23:52:36,061 - valid_frames/num_frames: 889/1244
2023-10-25 23:54:58,704 - nearby_list: {901: 130, 903: 53, 904: 28, 906: 0, 908: 10, 909: 50, 911: 441, 913: 124, 915: 249, 916: 156, 918: 435, 920: 210, 922: 105, 923: 116, 925: 21, 927: 8, 929: 30, 931: 26, 932: 3}
2023-10-25 23:54:58,706 - valid_frames/num_frames: 949/1299
2023-10-25 23:59:02,470 - nearby_list: {941: 456, 943: 124, 945: 190, 947: 94, 949: 430, 951: 0, 953: 360, 955: 102, 957: 157, 959: 142, 960: 94, 962: 129, 964: 189, 966: 148, 968: 225, 970: 287, 971: 387, 972: 181, 974: 25, 976: 108, 977: 199, 979: 61, 981: 17, 983: 10, 985: 230, 987: 238, 989: 179, 991: 132, 993: 78}
2023-10-25 23:59:02,471 - valid_frames/num_frames: 1821/2526
2023-10-26 00:01:22,123 - nearby_list: {1002: 418, 1003: 15, 1005: 6, 1007: 168, 1009: 497, 1010: 159, 1012: 317, 1014: 331, 1016: 18, 1018: 98, 1020: 142, 1022: 18, 1023: 17, 1025: 175, 1026: 128, 1027: 81, 1029: 34}
2023-10-26 00:01:22,124 - valid_frames/num_frames: 791/946
2023-10-26 00:01:50,957 - nearby_list: {1037: 30}
2023-10-26 00:01:50,957 - valid_frames/num_frames: 30/78
2023-10-26 00:11:42,759 - nearby_list: {1045: 36, 1047: 27, 1049: 54, 1051: 215, 1053: 138, 1055: 60, 1057: 110, 1059: 32, 1061: 109, 1063: 241, 1065: 204, 1067: 92, 1069: 255, 1070: 7, 1071: 100, 1073: 29, 1075: 357, 1077: 42, 1079: 90, 1080: 458, 1081: 106, 1083: 121, 1085: 123, 1087: 253, 1089: 236, 1091: 111, 1093: 28, 1095: 53, 1097: 6, 1099: 225, 1101: 265, 1103: 218, 1105: 271, 1107: 124, 1109: 194, 1110: 213, 1111: 107, 1113: 159, 1115: 448, 1117: 92, 1119: 45, 1120: 11, 1121: 117, 1123: 196, 1124: 336, 1125: 243, 1127: 243, 1128: 206, 1130: 235, 1132: 253, 1134: 578, 1136: 317, 1138: 204, 1140: 260, 1142: 265, 1144: 158, 1146: 742, 1148: 148, 1150: 100, 1152: 324, 1154: 55, 1155: 3, 1157: 108, 1159: 165, 1161: 160, 1163: 48, 1165: 152, 1166: 137, 1167: 49, 1169: 29, 1171: 56, 1173: 52, 1175: 40, 1177: 33, 1179: 1, 1181: 29}
2023-10-26 00:11:42,760 - valid_frames/num_frames: 5214/6989
2023-10-26 00:13:58,997 - nearby_list: {1190: 30}
2023-10-26 00:13:58,998 - valid_frames/num_frames: 30/78
2023-10-26 00:15:01,689 - nearby_list: {1198: 194, 1199: 240, 1200: 384, 1202: 175, 1203: 318, 1204: 24, 1206: 93, 1208: 200, 1210: 3, 1212: 6, 1213: 4}
2023-10-26 00:15:01,690 - valid_frames/num_frames: 542/600
2023-10-26 00:15:57,948 - nearby_list: {1222: 325, 1224: 334, 1226: 282, 1228: 80, 1230: 106, 1231: 135, 1232: 8, 1234: 4}
2023-10-26 00:15:57,949 - valid_frames/num_frames: 381/436
2023-10-26 00:20:29,190 - nearby_list: {1243: 36, 1245: 42, 1247: 44, 1249: 39, 1251: 120, 1253: 60, 1255: 42, 1257: 122, 1259: 132, 1260: 395, 1262: 251, 1264: 28, 1266: 602, 1267: 23, 1269: 36, 1270: 382, 1272: 209, 1273: 146, 1275: 276, 1277: 225, 1278: 296, 1280: 283, 1281: 483, 1282: 91, 1284: 44, 1286: 199, 1288: 221, 1290: 248, 1291: 201, 1292: 225}
2023-10-26 00:20:29,191 - valid_frames/num_frames: 2327/3105
2023-10-26 00:24:16,370 - nearby_list: {1301: 370, 1303: 0, 1305: 7, 1307: 945, 1309: 86, 1311: 403, 1313: 93, 1315: 284, 1317: 161, 1318: 45, 1320: 160, 1322: 266, 1323: 149, 1325: 227, 1327: 323, 1329: 112, 1331: 26, 1333: 401, 1335: 201, 1337: 259, 1339: 259, 1340: 170, 1342: 30, 1343: 106, 1345: 11, 1347: 0, 1349: 229, 1351: 271, 1353: 187, 1355: 154, 1357: 11, 1359: 83, 1361: 28}
2023-10-26 00:24:16,370 - valid_frames/num_frames: 2089/2532
2023-10-26 00:25:33,725 - nearby_list: {1369: 195, 1371: 148, 1373: 101, 1375: 46, 1377: 7}
2023-10-26 00:25:33,726 - valid_frames/num_frames: 195/247
2023-10-26 00:25:48,149 - nearby_list: {1385: 26}
2023-10-26 00:25:48,150 - valid_frames/num_frames: 26/78
2023-10-26 00:27:17,611 - nearby_list: {1394: 526, 1396: 447, 1397: 45, 1399: 45, 1401: 121, 1403: 159, 1405: 54, 1407: 4, 1409: 18, 1411: 98, 1413: 127, 1415: 85, 1416: 48, 1418: 1, 1419: 51, 1421: 81, 1423: 34}
2023-10-26 00:27:17,611 - valid_frames/num_frames: 860/946
2023-10-26 00:37:14,852 - nearby_list: {1432: 48, 1434: 224, 1435: 38, 1437: 57, 1438: 107, 1439: 108, 1440: 0, 1442: 97, 1444: 149, 1445: 180, 1447: 77, 1449: 221, 1450: 234, 1451: 183, 1452: 387, 1454: 144, 1456: 40, 1458: 219, 1459: 149, 1461: 379, 1462: 118, 1464: 96, 1466: 172, 1467: 290, 1469: 194, 1470: 134, 1472: 128, 1473: 100, 1475: 53, 1476: 6, 1477: 230, 1479: 136, 1481: 217, 1483: 170, 1485: 123, 1487: 333, 1489: 184, 1491: 138, 1493: 127, 1495: 143, 1497: 121, 1499: 105, 1501: 46, 1503: 364, 1505: 50, 1506: 147, 1508: 190, 1510: 292, 1512: 147, 1513: 127, 1515: 204, 1517: 189, 1519: 188, 1521: 421, 1523: 246, 1525: 148, 1527: 150, 1529: 54, 1531: 7, 1533: 117, 1534: 40, 1536: 135, 1538: 56, 1540: 130, 1542: 274, 1544: 160, 1545: 342, 1547: 33, 1549: 95, 1550: 8, 1552: 34, 1554: 43, 1555: 43, 1557: 27, 1559: 31, 1561: 17}
2023-10-26 00:37:14,852 - valid_frames/num_frames: 4650/6977
2023-10-26 00:39:55,067 - nearby_list: {1570: 324, 1572: 253, 1574: 230, 1576: 165, 1577: 1, 1579: 69, 1580: 16}
2023-10-26 00:39:55,068 - valid_frames/num_frames: 324/378
