2023-11-28 14:17:04,924 - crashed:True
2023-11-28 14:17:04,924 - nearby_car:58
2023-11-28 14:17:04,925 - valid_frames/num_frames: 3181/3412
2023-11-28 14:17:04,925 - distance:320.5608860801901
2023-11-28 14:17:15,992 - crashed:False
2023-11-28 14:17:15,993 - nearby_car:0
2023-11-28 14:17:15,993 - valid_frames/num_frames: 0/0
2023-11-28 14:17:15,993 - distance:0
2023-11-28 14:43:16,512 - crashed:True
2023-11-28 14:43:16,513 - nearby_car:37
2023-11-28 14:43:16,513 - valid_frames/num_frames: 1727/1851
2023-11-28 14:43:16,513 - distance:138.66171733401464
2023-11-28 14:46:43,585 - crashed:False
2023-11-28 14:46:43,586 - nearby_car:4
2023-11-28 14:46:43,586 - valid_frames/num_frames: 368/1293
2023-11-28 14:46:43,586 - distance:1.1963003018594631
2023-11-28 14:52:13,271 - crashed:True
2023-11-28 14:52:13,272 - nearby_car:57
2023-11-28 14:52:13,272 - valid_frames/num_frames: 2258/2389
2023-11-28 14:52:13,272 - distance:282.31955939695536
2023-11-28 14:54:38,065 - crashed:False
2023-11-28 14:54:38,065 - nearby_car:17
2023-11-28 14:54:38,065 - valid_frames/num_frames: 635/703
2023-11-28 14:54:38,065 - distance:38.06076156045514
